<?xml version="1.0" encoding="UTF-8"?>
<testsuite xmlns:xsi="http://www.w3.org/2001/XMLSchema-instance" xsi:noNamespaceSchemaLocation="https://maven.apache.org/surefire/maven-surefire-plugin/xsd/surefire-test-report-3.0.xsd" version="3.0" name="mvc.model.game.GameModelTest" time="0.042" tests="36" errors="0" skipped="0" failures="0">
  <properties>
[...]
</properties>
  <testcase name="testRestoreBlueShapeWithInvalidIndex" classname="mvc.model.game.GameModelTest" time="0.003">
    <system-out><![CDATA[Numero de Blue Shapes: 1/4
Score Actuel: 0
]]></system-out>
  </testcase>
  <testcase name="testGetCurrentDrawingColorInSoloMode" classname="mvc.model.game.GameModelTest" time="0.001"/>
  <testcase name="testGetCurrentDrawingColor" classname="mvc.model.game.GameModelTest" time="0.0"/>
  <testcase name="testShowRedShapes" classname="mvc.model.game.GameModelTest" time="0.0"/>
  <testcase name="testAddBlueShapeOutsideGameArea" classname="mvc.model.game.GameModelTest" time="0.001">
    <system-out><![CDATA[Pas possible out of arrea 
]]></system-out>
  </testcase>
  <testcase name="testIsShapeWithinGameArea" classname="mvc.model.game.GameModelTest" time="0.001"/>
  <testcase name="testPlaceShapeExactlyOnBorderEdge" classname="mvc.model.game.GameModelTest" time="0.001">
    <system-out><![CDATA[Pas possible out of arrea 
]]></system-out>
  </testcase>
  <testcase name="testCantPlaceMoreThan4BlueShapesPerLevel" classname="mvc.model.game.GameModelTest" time="0.002">
    <system-out><![CDATA[Numero de Blue Shapes: 1/4
Score Actuel: 0
Numero de Blue Shapes: 2/4
Score Actuel: 0
Numero de Blue Shapes: 3/4
Score Actuel: 0
Numero de Blue Shapes: 4/4
Level 0 complet! Score: 5026
Score Actuel: 5026
]]></system-out>
  </testcase>
  <testcase name="testAddBlueShape" classname="mvc.model.game.GameModelTest" time="0.001">
    <system-out><![CDATA[Numero de Blue Shapes: 1/4
Score Actuel: 0
]]></system-out>
  </testcase>
  <testcase name="testCanPlaceBlueShapeNoIntersection" classname="mvc.model.game.GameModelTest" time="0.004">
    <system-out><![CDATA[Numero de Blue Shapes: 1/4
Score Actuel: 0
]]></system-out>
  </testcase>
  <testcase name="testPlaceShapeExactlyOnGameAreaBorder" classname="mvc.model.game.GameModelTest" time="0.001"/>
  <testcase name="testHideRedShapes" classname="mvc.model.game.GameModelTest" time="0.0"/>
  <testcase name="testNextLevelIncrementsLevel" classname="mvc.model.game.GameModelTest" time="0.0"/>
  <testcase name="testSetGameState" classname="mvc.model.game.GameModelTest" time="0.001"/>
  <testcase name="testAreRedShapesVisibleInitially" classname="mvc.model.game.GameModelTest" time="0.001"/>
  <testcase name="testGetLevelConfig" classname="mvc.model.game.GameModelTest" time="0.001"/>
  <testcase name="testGetBlueShapesRemainingForLevel" classname="mvc.model.game.GameModelTest" time="0.0">
    <system-out><![CDATA[Numero de Blue Shapes: 1/4
Score Actuel: 0
Numero de Blue Shapes: 2/4
Score Actuel: 0
]]></system-out>
  </testcase>
  <testcase name="testSetCurrentLevel" classname="mvc.model.game.GameModelTest" time="0.001"/>
  <testcase name="testRemoveBlueShape" classname="mvc.model.game.GameModelTest" time="0.001">
    <system-out><![CDATA[Numero de Blue Shapes: 1/4
Score Actuel: 0
]]></system-out>
  </testcase>
  <testcase name="testFindBlueShapeAt" classname="mvc.model.game.GameModelTest" time="0.001">
    <system-out><![CDATA[Numero de Blue Shapes: 1/4
Score Actuel: 0
]]></system-out>
  </testcase>
  <testcase name="testCanPlaceBlueShapeIntersection" classname="mvc.model.game.GameModelTest" time="0.0">
    <system-out><![CDATA[Numero de Blue Shapes: 1/4
Score Actuel: 0
Pas possible place shape intersection avec un blueshape
]]></system-out>
  </testcase>
  <testcase name="testAddBlueShapeIntersectsRed" classname="mvc.model.game.GameModelTest" time="0.001">
    <system-out><![CDATA[Level: 1, Red shapes pour generer: 1
Generer 1 red shapes
Pas possible intercection de figure de couleur diferente
]]></system-out>
  </testcase>
  <testcase name="testGetFinalCoveredArea" classname="mvc.model.game.GameModelTest" time="0.001">
    <system-out><![CDATA[Numero de Blue Shapes: 1/4
Score Actuel: 0
Numero de Blue Shapes: 2/4
Score Actuel: 0
Numero de Blue Shapes: 3/4
Score Actuel: 0
Numero de Blue Shapes: 4/4
Level 0 complet! Score: 5769
Score Actuel: 5769
]]></system-out>
  </testcase>
  <testcase name="testGetLevelConfigWithInvalidLevel" classname="mvc.model.game.GameModelTest" time="0.0"/>
  <testcase name="testGetRemainingRedTime" classname="mvc.model.game.GameModelTest" time="0.001">
    <system-out><![CDATA[Level: 1, Red shapes pour generer: 2
Generer 2 red shapes
]]></system-out>
  </testcase>
  <testcase name="testSetGameAreaSize" classname="mvc.model.game.GameModelTest" time="0.001"/>
  <testcase name="testAddBlueShapeWhenGameFinished" classname="mvc.model.game.GameModelTest" time="0.001">
    <system-out><![CDATA[Numero de Blue Shapes: 1/4
Score Actuel: 0
Numero de Blue Shapes: 2/4
Score Actuel: 0
Numero de Blue Shapes: 3/4
Score Actuel: 0
Numero de Blue Shapes: 4/4
Level 0 complet! Score: 5026
Score Actuel: 5026
]]></system-out>
  </testcase>
  <testcase name="testRemoveNonExistentShape" classname="mvc.model.game.GameModelTest" time="0.0"/>
  <testcase name="testSetGameAreaSizeWithInvalidValues" classname="mvc.model.game.GameModelTest" time="0.0"/>
  <testcase name="testGetStatistics" classname="mvc.model.game.GameModelTest" time="0.003">
    <system-out><![CDATA[Numero de Blue Shapes: 1/4
Score Actuel: 0
Numero de Blue Shapes: 2/4
Score Actuel: 0
========== GAME STATISTICS  0 ==========
Total Score: 0
Game State: WAITING_FOR_RED
Red Shapes Visible: true
Red Visible Time: 0
Reds: 0
Blues: 2
Blue placed this level: 2/4

]]></system-out>
  </testcase>
  <testcase name="testFindBlueShapeAtNotFound" classname="mvc.model.game.GameModelTest" time="0.001">
    <system-out><![CDATA[Numero de Blue Shapes: 1/4
Score Actuel: 0
]]></system-out>
  </testcase>
  <testcase name="testIsGameFinished" classname="mvc.model.game.GameModelTest" time="0.001">
    <system-out><![CDATA[Numero de Blue Shapes: 1/4
Score Actuel: 0
Numero de Blue Shapes: 2/4
Score Actuel: 0
Numero de Blue Shapes: 3/4
Score Actuel: 0
Numero de Blue Shapes: 4/4
Level 0 complet! Score: 5026
Score Actuel: 5026
]]></system-out>
  </testcase>
  <testcase name="testIsPointInsideGameArea" classname="mvc.model.game.GameModelTest" time="0.001"/>
  <testcase name="testRemoveBlueShapeDecrementsCounter" classname="mvc.model.game.GameModelTest" time="0.0">
    <system-out><![CDATA[Numero de Blue Shapes: 1/4
Score Actuel: 0
]]></system-out>
  </testcase>
  <testcase name="testCalculateScore" classname="mvc.model.game.GameModelTest" time="0.001">
    <system-out><![CDATA[Numero de Blue Shapes: 1/4
Score Actuel: 0
Numero de Blue Shapes: 2/4
Score Actuel: 0
]]></system-out>
  </testcase>
  <testcase name="testEnableTwoPlayerMode" classname="mvc.model.game.GameModelTest" time="0.001"/>
</testsuite>