<?xml version="1.0" encoding="UTF-8"?>
<testsuite xmlns:xsi="http://www.w3.org/2001/XMLSchema-instance" xsi:noNamespaceSchemaLocation="https://maven.apache.org/surefire/maven-surefire-plugin/xsd/surefire-test-report-3.0.xsd" version="3.0" name="mvc.model.view.CommandHManagerTest" time="0.006" tests="6" errors="0" skipped="0" failures="0">
  <properties>
[...]
</properties>
  <testcase name="testRedoEmpty" classname="mvc.model.view.CommandHManagerTest" time="0.001"/>
  <testcase name="testRedo" classname="mvc.model.view.CommandHManagerTest" time="0.001">
    <system-out><![CDATA[Numero de Blue Shapes: 1/4
Score Actuel: 0
Shape added
Index of created shape: 0
Numero de Blue Shapes: 1/4
Score Actuel: 0
]]></system-out>
  </testcase>
  <testcase name="testUndo" classname="mvc.model.view.CommandHManagerTest" time="0.001">
    <system-out><![CDATA[Numero de Blue Shapes: 1/4
Score Actuel: 0
Shape added
Index of created shape: 0
]]></system-out>
  </testcase>
  <testcase name="testClearRedoStack" classname="mvc.model.view.CommandHManagerTest" time="0.0">
    <system-out><![CDATA[Numero de Blue Shapes: 1/4
Score Actuel: 0
Shape added
Index of created shape: 0
Numero de Blue Shapes: 1/4
Score Actuel: 0
Numero de Blue Shapes: 2/4
Score Actuel: 0
Shape added
Index of created shape: 1
]]></system-out>
  </testcase>
  <testcase name="testUndoEmpty" classname="mvc.model.view.CommandHManagerTest" time="0.001"/>
  <testcase name="testExecuteAndStore" classname="mvc.model.view.CommandHManagerTest" time="0.001">
    <system-out><![CDATA[Numero de Blue Shapes: 1/4
Score Actuel: 0
Shape added
Index of created shape: 0
]]></system-out>
  </testcase>
</testsuite>